2024-02-14T17:37:07.179784Z 0 [Warning] [MY-011068] [Server] The syntax '--skip-host-cache' is deprecated and will be removed in a future release. Please use SET GLOBAL host_cache_size=0 instead.
2024-02-14T17:37:07.179801Z 0 [Warning] [MY-011069] [Server] The syntax '--character-set-client-handshake' is deprecated and will be removed in a future release.
2024-02-14T17:37:07.180781Z 0 [Warning] [MY-010918] [Server] 'default_authentication_plugin' is deprecated and will be removed in a future release. Please use authentication_policy instead.
2024-02-14T17:37:07.180797Z 0 [System] [MY-010116] [Server] /usr/sbin/mysqld (mysqld 8.0.36) starting as process 125
2024-02-14T17:37:07.195004Z 1 [System] [MY-013576] [InnoDB] InnoDB initialization has started.
2024-02-14T17:37:07.257632Z 1 [System] [MY-013577] [InnoDB] InnoDB initialization has ended.
2024-02-14T17:37:07.410265Z 0 [Warning] [MY-010068] [Server] CA certificate ca.pem is self signed.
2024-02-14T17:37:07.410301Z 0 [System] [MY-013602] [Server] Channel mysql_main configured to support TLS. Encrypted connections are now supported for this channel.
2024-02-14T17:37:07.411501Z 0 [Warning] [MY-011810] [Server] Insecure configuration for --pid-file: Location '/var/run/mysqld' in the path is accessible to all OS users. Consider choosing a different directory.
2024-02-14T17:37:07.420197Z 0 [System] [MY-010931] [Server] /usr/sbin/mysqld: ready for connections. Version: '8.0.36'  socket: '/var/run/mysqld/mysqld.sock'  port: 0  MySQL Community Server - GPL.
2024-02-14T17:37:07.420210Z 0 [System] [MY-011323] [Server] X Plugin ready for connections. Socket: /var/run/mysqld/mysqlx.sock
2024-02-14T17:37:07.442161Z 8 [Warning] [MY-013360] [Server] Plugin mysql_native_password reported: ''mysql_native_password' is deprecated and will be removed in a future release. Please use caching_sha2_password instead'
2024-02-14T17:37:08.175517Z 9 [Warning] [MY-013360] [Server] Plugin mysql_native_password reported: ''mysql_native_password' is deprecated and will be removed in a future release. Please use caching_sha2_password instead'
2024-02-14T17:37:08.175982Z 9 [Warning] [MY-013360] [Server] Plugin mysql_native_password reported: ''mysql_native_password' is deprecated and will be removed in a future release. Please use caching_sha2_password instead'
2024-02-14T17:37:08.178340Z 9 [Warning] [MY-013360] [Server] Plugin mysql_native_password reported: ''mysql_native_password' is deprecated and will be removed in a future release. Please use caching_sha2_password instead'
2024-02-14T17:37:08.184905Z 10 [Warning] [MY-013360] [Server] Plugin mysql_native_password reported: ''mysql_native_password' is deprecated and will be removed in a future release. Please use caching_sha2_password instead'
2024-02-14T17:37:08.190926Z 11 [Warning] [MY-013360] [Server] Plugin mysql_native_password reported: ''mysql_native_password' is deprecated and will be removed in a future release. Please use caching_sha2_password instead'
2024-02-14T17:37:08.191465Z 11 [Warning] [MY-013360] [Server] Plugin mysql_native_password reported: ''mysql_native_password' is deprecated and will be removed in a future release. Please use caching_sha2_password instead'
2024-02-14T17:37:08.197340Z 12 [Warning] [MY-013360] [Server] Plugin mysql_native_password reported: ''mysql_native_password' is deprecated and will be removed in a future release. Please use caching_sha2_password instead'
2024-02-14T17:37:08.202985Z 13 [Warning] [MY-013360] [Server] Plugin mysql_native_password reported: ''mysql_native_password' is deprecated and will be removed in a future release. Please use caching_sha2_password instead'
2024-02-14T17:37:08.203500Z 13 [System] [MY-013172] [Server] Received SHUTDOWN from user root. Shutting down mysqld (Version: 8.0.36).
2024-02-14T17:37:09.006698Z 0 [System] [MY-010910] [Server] /usr/sbin/mysqld: Shutdown complete (mysqld 8.0.36)  MySQL Community Server - GPL.
